<?xml version="1.0" encoding="UTF-8"?>
<testng-results ignored="0" total="6" passed="5" failed="1" skipped="0">
  <reporter-output>
    <line>
      <![CDATA[<b><img src='/Users/Design/eclipse-workspace/sizecorner/ssCamera.png' height='400' width='400'/><br>]]>
    </line>
    <line>
      <![CDATA[<b><img src='/Users/Design/eclipse-workspace/sizecorner/ssGallery.png' height='400' width='400'/><br>]]>
    </line>
    <line>
      <![CDATA[<b><img src='/Users/Design/eclipse-workspace/sizecorner/ssLastPurchaseinOnline.png' height='400' width='400'/><br>]]>
    </line>
    <line>
      <![CDATA[<b><img src='/Users/Design/eclipse-workspace/sizecorner/ssLastPurchaseinStore.png' height='400' width='400'/><br>]]>
    </line>
    <line>
      <![CDATA[<b><img src='/Users/Design/eclipse-workspace/sizecorner/ssManualMeasurment.png' height='400' width='400'/><br>]]>
    </line>
  </reporter-output>
  <suite started-at="2021-11-13T00:32:47 IST" name="Default suite" finished-at="2021-11-13T00:33:50 IST" duration-ms="63481">
    <groups>
    </groups>
    <test started-at="2021-11-13T00:32:47 IST" name="Default test" finished-at="2021-11-13T00:33:50 IST" duration-ms="63481">
      <class name="com.sizecorner.sizecorner_dev">
        <test-method is-config="true" signature="beforeSuite()[pri:0, instance:com.sizecorner.sizecorner_dev@4b741d6d]" started-at="2021-11-13T00:32:47 IST" name="beforeSuite" finished-at="2021-11-13T00:32:47 IST" duration-ms="7" status="PASS">
          <reporter-output>
          </reporter-output>
        </test-method> <!-- beforeSuite -->
        <test-method is-config="true" signature="setExtent()[pri:0, instance:com.sizecorner.sizecorner_dev@4b741d6d]" started-at="2021-11-13T00:32:47 IST" name="setExtent" finished-at="2021-11-13T00:32:47 IST" duration-ms="354" status="PASS">
          <reporter-output>
          </reporter-output>
        </test-method> <!-- setExtent -->
        <test-method is-config="true" signature="BrowsersetUp()[pri:0, instance:com.sizecorner.sizecorner_dev@4b741d6d]" started-at="2021-11-13T00:32:47 IST" name="BrowsersetUp" finished-at="2021-11-13T00:32:53 IST" duration-ms="6256" status="PASS">
          <reporter-output>
          </reporter-output>
        </test-method> <!-- BrowsersetUp -->
        <test-method signature="Camera()[pri:0, instance:com.sizecorner.sizecorner_dev@4b741d6d]" started-at="2021-11-13T00:32:53 IST" name="Camera" finished-at="2021-11-13T00:33:03 IST" duration-ms="10239" status="PASS">
          <reporter-output>
            <line>
              <![CDATA[<b><img src='/Users/Design/eclipse-workspace/sizecorner/ssCamera.png' height='400' width='400'/><br>]]>
            </line>
          </reporter-output>
        </test-method> <!-- Camera -->
        <test-method is-config="true" signature="tearDown(org.testng.ITestResult)[pri:0, instance:com.sizecorner.sizecorner_dev@4b741d6d]" started-at="2021-11-13T00:33:03 IST" name="tearDown" finished-at="2021-11-13T00:33:04 IST" duration-ms="101" status="PASS">
          <params>
            <param index="0">
              <value>
                <![CDATA[[TestResult name=Camera status=SUCCESS method=sizecorner_dev.Camera()[pri:0, instance:com.sizecorner.sizecorner_dev@4b741d6d] output=<b><img src='/Users/Design/eclipse-workspace/sizecorner/ssCamera.png' height='400' width='400'/><br>]]]>
              </value>
            </param>
          </params>
          <reporter-output>
          </reporter-output>
        </test-method> <!-- tearDown -->
        <test-method signature="Gallery()[pri:0, instance:com.sizecorner.sizecorner_dev@4b741d6d]" started-at="2021-11-13T00:33:04 IST" name="Gallery" finished-at="2021-11-13T00:33:09 IST" duration-ms="5147" status="PASS">
          <reporter-output>
            <line>
              <![CDATA[<b><img src='/Users/Design/eclipse-workspace/sizecorner/ssGallery.png' height='400' width='400'/><br>]]>
            </line>
          </reporter-output>
        </test-method> <!-- Gallery -->
        <test-method is-config="true" signature="tearDown(org.testng.ITestResult)[pri:0, instance:com.sizecorner.sizecorner_dev@4b741d6d]" started-at="2021-11-13T00:33:09 IST" name="tearDown" finished-at="2021-11-13T00:33:09 IST" duration-ms="101" status="PASS">
          <params>
            <param index="0">
              <value>
                <![CDATA[[TestResult name=Gallery status=SUCCESS method=sizecorner_dev.Gallery()[pri:0, instance:com.sizecorner.sizecorner_dev@4b741d6d] output=<b><img src='/Users/Design/eclipse-workspace/sizecorner/ssGallery.png' height='400' width='400'/><br>]]]>
              </value>
            </param>
          </params>
          <reporter-output>
          </reporter-output>
        </test-method> <!-- tearDown -->
        <test-method signature="LastPurchaseinOnline()[pri:0, instance:com.sizecorner.sizecorner_dev@4b741d6d]" started-at="2021-11-13T00:33:09 IST" name="LastPurchaseinOnline" finished-at="2021-11-13T00:33:14 IST" duration-ms="5133" status="PASS">
          <reporter-output>
            <line>
              <![CDATA[<b><img src='/Users/Design/eclipse-workspace/sizecorner/ssLastPurchaseinOnline.png' height='400' width='400'/><br>]]>
            </line>
          </reporter-output>
        </test-method> <!-- LastPurchaseinOnline -->
        <test-method is-config="true" signature="tearDown(org.testng.ITestResult)[pri:0, instance:com.sizecorner.sizecorner_dev@4b741d6d]" started-at="2021-11-13T00:33:14 IST" name="tearDown" finished-at="2021-11-13T00:33:14 IST" duration-ms="103" status="PASS">
          <params>
            <param index="0">
              <value>
                <![CDATA[[TestResult name=LastPurchaseinOnline status=SUCCESS method=sizecorner_dev.LastPurchaseinOnline()[pri:0, instance:com.sizecorner.sizecorner_dev@4b741d6d] output=<b><img src='/Users/Design/eclipse-workspace/sizecorner/ssLastPurchaseinOnline.png' height='400' width='400'/><br>]]]>
              </value>
            </param>
          </params>
          <reporter-output>
          </reporter-output>
        </test-method> <!-- tearDown -->
        <test-method signature="LastPurchaseinStore()[pri:0, instance:com.sizecorner.sizecorner_dev@4b741d6d]" started-at="2021-11-13T00:33:14 IST" name="LastPurchaseinStore" finished-at="2021-11-13T00:33:19 IST" duration-ms="5128" status="PASS">
          <reporter-output>
            <line>
              <![CDATA[<b><img src='/Users/Design/eclipse-workspace/sizecorner/ssLastPurchaseinStore.png' height='400' width='400'/><br>]]>
            </line>
          </reporter-output>
        </test-method> <!-- LastPurchaseinStore -->
        <test-method is-config="true" signature="tearDown(org.testng.ITestResult)[pri:0, instance:com.sizecorner.sizecorner_dev@4b741d6d]" started-at="2021-11-13T00:33:19 IST" name="tearDown" finished-at="2021-11-13T00:33:19 IST" duration-ms="101" status="PASS">
          <params>
            <param index="0">
              <value>
                <![CDATA[[TestResult name=LastPurchaseinStore status=SUCCESS method=sizecorner_dev.LastPurchaseinStore()[pri:0, instance:com.sizecorner.sizecorner_dev@4b741d6d] output=<b><img src='/Users/Design/eclipse-workspace/sizecorner/ssLastPurchaseinStore.png' height='400' width='400'/><br>]]]>
              </value>
            </param>
          </params>
          <reporter-output>
          </reporter-output>
        </test-method> <!-- tearDown -->
        <test-method signature="ManualMeasurment()[pri:0, instance:com.sizecorner.sizecorner_dev@4b741d6d]" started-at="2021-11-13T00:33:19 IST" name="ManualMeasurment" finished-at="2021-11-13T00:33:24 IST" duration-ms="5138" status="PASS">
          <reporter-output>
            <line>
              <![CDATA[<b><img src='/Users/Design/eclipse-workspace/sizecorner/ssManualMeasurment.png' height='400' width='400'/><br>]]>
            </line>
          </reporter-output>
        </test-method> <!-- ManualMeasurment -->
        <test-method is-config="true" signature="tearDown(org.testng.ITestResult)[pri:0, instance:com.sizecorner.sizecorner_dev@4b741d6d]" started-at="2021-11-13T00:33:24 IST" name="tearDown" finished-at="2021-11-13T00:33:25 IST" duration-ms="85" status="PASS">
          <params>
            <param index="0">
              <value>
                <![CDATA[[TestResult name=ManualMeasurment status=SUCCESS method=sizecorner_dev.ManualMeasurment()[pri:0, instance:com.sizecorner.sizecorner_dev@4b741d6d] output=<b><img src='/Users/Design/eclipse-workspace/sizecorner/ssManualMeasurment.png' height='400' width='400'/><br>]]]>
              </value>
            </param>
          </params>
          <reporter-output>
          </reporter-output>
        </test-method> <!-- tearDown -->
        <test-method signature="sizecornerdev1()[pri:0, instance:com.sizecorner.sizecorner_dev@4b741d6d]" started-at="2021-11-13T00:33:25 IST" name="sizecornerdev1" finished-at="2021-11-13T00:33:45 IST" duration-ms="20128" status="FAIL">
          <exception class="org.openqa.selenium.NoSuchElementException">
            <message>
              <![CDATA[For documentation on this error, please visit: https://selenium.dev/exceptions/#no_such_element
Build info: version: '4.0.0', revision: '3a21814679'
System info: host: 'Rameshs-Mac-mini.local', ip: '127.0.0.1', os.name: 'Mac OS X', os.arch: 'x86_64', os.version: '10.15.7', java.version: '15.0.2'
Driver info: org.openqa.selenium.safari.SafariDriver
Command: [3C13D049-E64D-4143-824D-5BE0C7177516, findElement {using=css selector, value=.upperContentLeft_Gallery:nth-child(1) button}]
Capabilities {acceptInsecureCerts: false, browserName: Safari, browserVersion: 14.1.2, javascriptEnabled: true, platform: MAC, platformName: MAC, safari:automaticInspection: false, safari:automaticProfiling: false, safari:diagnose: false, safari:platformBuildVersion: 19H1217, safari:platformVersion: 10.15.7, safari:useSimulator: false, setWindowRect: true, strictFileInteractability: false, webkit:WebRTC: {DisableICECandidateFiltering: false, DisableInsecureMediaCapture: false}}
Session ID: 3C13D049-E64D-4143-824D-5BE0C7177516]]>
            </message>
            <full-stacktrace>
              <![CDATA[org.openqa.selenium.NoSuchElementException: For documentation on this error, please visit: https://selenium.dev/exceptions/#no_such_element
Build info: version: '4.0.0', revision: '3a21814679'
System info: host: 'Rameshs-Mac-mini.local', ip: '127.0.0.1', os.name: 'Mac OS X', os.arch: 'x86_64', os.version: '10.15.7', java.version: '15.0.2'
Driver info: org.openqa.selenium.safari.SafariDriver
Command: [3C13D049-E64D-4143-824D-5BE0C7177516, findElement {using=css selector, value=.upperContentLeft_Gallery:nth-child(1) button}]
Capabilities {acceptInsecureCerts: false, browserName: Safari, browserVersion: 14.1.2, javascriptEnabled: true, platform: MAC, platformName: MAC, safari:automaticInspection: false, safari:automaticProfiling: false, safari:diagnose: false, safari:platformBuildVersion: 19H1217, safari:platformVersion: 10.15.7, safari:useSimulator: false, setWindowRect: true, strictFileInteractability: false, webkit:WebRTC: {DisableICECandidateFiltering: false, DisableInsecureMediaCapture: false}}
Session ID: 3C13D049-E64D-4143-824D-5BE0C7177516
at java.base/jdk.internal.reflect.NativeConstructorAccessorImpl.newInstance0(Native Method)
at java.base/jdk.internal.reflect.NativeConstructorAccessorImpl.newInstance(NativeConstructorAccessorImpl.java:64)
at java.base/jdk.internal.reflect.DelegatingConstructorAccessorImpl.newInstance(DelegatingConstructorAccessorImpl.java:45)
at java.base/java.lang.reflect.Constructor.newInstanceWithCaller(Constructor.java:500)
at java.base/java.lang.reflect.Constructor.newInstance(Constructor.java:481)
at org.openqa.selenium.remote.codec.w3c.W3CHttpResponseCodec.createException(W3CHttpResponseCodec.java:200)
at org.openqa.selenium.remote.codec.w3c.W3CHttpResponseCodec.decode(W3CHttpResponseCodec.java:133)
at org.openqa.selenium.remote.codec.w3c.W3CHttpResponseCodec.decode(W3CHttpResponseCodec.java:53)
at org.openqa.selenium.remote.HttpCommandExecutor.execute(HttpCommandExecutor.java:184)
at org.openqa.selenium.remote.service.DriverCommandExecutor.invokeExecute(DriverCommandExecutor.java:164)
at org.openqa.selenium.remote.service.DriverCommandExecutor.execute(DriverCommandExecutor.java:139)
at org.openqa.selenium.remote.RemoteWebDriver.execute(RemoteWebDriver.java:559)
at org.openqa.selenium.remote.ElementLocation$ElementFinder$2.findElement(ElementLocation.java:162)
at org.openqa.selenium.remote.ElementLocation.findElement(ElementLocation.java:60)
at org.openqa.selenium.remote.RemoteWebDriver.findElement(RemoteWebDriver.java:383)
at org.openqa.selenium.remote.RemoteWebDriver.findElement(RemoteWebDriver.java:375)
at com.sizecorner.sizecorner_dev.sizecornerdev1(sizecorner_dev.java:159)
at java.base/jdk.internal.reflect.NativeMethodAccessorImpl.invoke0(Native Method)
at java.base/jdk.internal.reflect.NativeMethodAccessorImpl.invoke(NativeMethodAccessorImpl.java:64)
at java.base/jdk.internal.reflect.DelegatingMethodAccessorImpl.invoke(DelegatingMethodAccessorImpl.java:43)
at java.base/java.lang.reflect.Method.invoke(Method.java:564)
at org.testng.internal.MethodInvocationHelper.invokeMethod(MethodInvocationHelper.java:133)
at org.testng.internal.TestInvoker.invokeMethod(TestInvoker.java:598)
at org.testng.internal.TestInvoker.invokeTestMethod(TestInvoker.java:173)
at org.testng.internal.MethodRunner.runInSequence(MethodRunner.java:46)
at org.testng.internal.TestInvoker$MethodInvocationAgent.invoke(TestInvoker.java:824)
at org.testng.internal.TestInvoker.invokeTestMethods(TestInvoker.java:146)
at org.testng.internal.TestMethodWorker.invokeTestMethods(TestMethodWorker.java:146)
at org.testng.internal.TestMethodWorker.run(TestMethodWorker.java:128)
at java.base/java.util.ArrayList.forEach(ArrayList.java:1511)
at org.testng.TestRunner.privateRun(TestRunner.java:794)
at org.testng.TestRunner.run(TestRunner.java:596)
at org.testng.SuiteRunner.runTest(SuiteRunner.java:377)
at org.testng.SuiteRunner.runSequentially(SuiteRunner.java:371)
at org.testng.SuiteRunner.privateRun(SuiteRunner.java:332)
at org.testng.SuiteRunner.run(SuiteRunner.java:276)
at org.testng.SuiteRunnerWorker.runSuite(SuiteRunnerWorker.java:53)
at org.testng.SuiteRunnerWorker.run(SuiteRunnerWorker.java:96)
at org.testng.TestNG.runSuitesSequentially(TestNG.java:1212)
at org.testng.TestNG.runSuitesLocally(TestNG.java:1134)
at org.testng.TestNG.runSuites(TestNG.java:1063)
at org.testng.TestNG.run(TestNG.java:1031)
at org.testng.remote.AbstractRemoteTestNG.run(AbstractRemoteTestNG.java:115)
at org.testng.remote.RemoteTestNG.initAndRun(RemoteTestNG.java:251)
at org.testng.remote.RemoteTestNG.main(RemoteTestNG.java:77)
]]>
            </full-stacktrace>
          </exception> <!-- org.openqa.selenium.NoSuchElementException -->
          <reporter-output>
          </reporter-output>
        </test-method> <!-- sizecornerdev1 -->
        <test-method is-config="true" signature="tearDown(org.testng.ITestResult)[pri:0, instance:com.sizecorner.sizecorner_dev@4b741d6d]" started-at="2021-11-13T00:33:45 IST" name="tearDown" finished-at="2021-11-13T00:33:45 IST" duration-ms="92" status="PASS">
          <params>
            <param index="0">
              <value>
                <![CDATA[[TestResult name=sizecornerdev1 status=FAILURE method=sizecorner_dev.sizecornerdev1()[pri:0, instance:com.sizecorner.sizecorner_dev@4b741d6d] output={null}]]]>
              </value>
            </param>
          </params>
          <reporter-output>
          </reporter-output>
        </test-method> <!-- tearDown -->
        <test-method is-config="true" signature="afterClass()[pri:0, instance:com.sizecorner.sizecorner_dev@4b741d6d]" started-at="2021-11-13T00:33:45 IST" name="afterClass" finished-at="2021-11-13T00:33:45 IST" duration-ms="0" status="PASS">
          <reporter-output>
          </reporter-output>
        </test-method> <!-- afterClass -->
        <test-method is-config="true" signature="afterTest()[pri:0, instance:com.sizecorner.sizecorner_dev@4b741d6d]" started-at="2021-11-13T00:33:45 IST" name="afterTest" finished-at="2021-11-13T00:33:50 IST" duration-ms="5083" status="PASS">
          <reporter-output>
          </reporter-output>
        </test-method> <!-- afterTest -->
        <test-method is-config="true" signature="endReport()[pri:0, instance:com.sizecorner.sizecorner_dev@4b741d6d]" started-at="2021-11-13T00:33:50 IST" name="endReport" finished-at="2021-11-13T00:33:50 IST" duration-ms="245" status="PASS">
          <reporter-output>
          </reporter-output>
        </test-method> <!-- endReport -->
        <test-method is-config="true" signature="afterSuite()[pri:0, instance:com.sizecorner.sizecorner_dev@4b741d6d]" started-at="2021-11-13T00:33:50 IST" name="afterSuite" finished-at="2021-11-13T00:33:50 IST" duration-ms="0" status="PASS">
          <reporter-output>
          </reporter-output>
        </test-method> <!-- afterSuite -->
      </class> <!-- com.sizecorner.sizecorner_dev -->
    </test> <!-- Default test -->
  </suite> <!-- Default suite -->
</testng-results>
